<?xml version="1.0" encoding="UTF-8"?>
<!-- Generated by org.testng.reporters.JUnitReportReporter -->
<testsuite hostname="ATMECSINLT-1202" failures="0" tests="5" name="seleniumSample.TestPrioity" time="0.011" errors="0" timestamp="2022-05-29T02:43:25 IST" skipped="0">
  <testcase classname="seleniumSample.TestPrioity" name="firstMove" time="0.008"/>
  <system-out/>
  <testcase classname="seleniumSample.TestPrioity" name="secondMove" time="0.001"/>
  <system-out/>
  <testcase classname="seleniumSample.TestPrioity" name="thirdMove" time="0.001"/>
  <system-out/>
  <testcase classname="seleniumSample.TestPrioity" name="fourthMove" time="0.001"/>
  <system-out/>
  <testcase classname="seleniumSample.TestPrioity" name="fifthMove" time="0.000"/>
  <system-out/>
</testsuite> <!-- seleniumSample.TestPrioity -->
