<?xml version="1.0" encoding="UTF-8"?>
<!-- Generated by org.testng.reporters.JUnitReportReporter -->
<testsuite hostname="ATMECSINLT-1202" failures="0" tests="4" name="seleniumTestSamples.AutomateGreenKart" time="20.851" errors="0" timestamp="2022-06-02T20:10:35 IST" skipped="0">
  <testcase classname="seleniumTestSamples.AutomateGreenKart" name="getDrive" time="3.854"/>
  <system-out/>
  <testcase classname="seleniumTestSamples.AutomateGreenKart" name="goToWebsite" time="6.206"/>
  <system-out/>
  <testcase classname="seleniumTestSamples.AutomateGreenKart" name="searchAndAddToCart" time="0.646"/>
  <system-out/>
  <testcase classname="seleniumTestSamples.AutomateGreenKart" name="proceedToCheckout" time="10.145"/>
  <system-out/>
</testsuite> <!-- seleniumTestSamples.AutomateGreenKart -->
