<?xml version="1.0" encoding="UTF-8"?>
<!-- Generated by org.testng.reporters.JUnitReportReporter -->
<testsuite hostname="ATMECSINLT-1202" failures="0" tests="1" name="seleniumTestSamples.AutomateFirstCry" time="21.880" errors="0" timestamp="2022-05-31T18:08:18 IST" skipped="0">
  <testcase classname="seleniumTestSamples.AutomateFirstCry" name="FirstCry" time="21.880"/>
  <system-out/>
</testsuite> <!-- seleniumTestSamples.AutomateFirstCry -->
