<?xml version="1.0" encoding="UTF-8"?>
<!-- Generated by org.testng.reporters.JUnitReportReporter -->
<testsuite hostname="ATMECSINLT-1202" failures="0" tests="5" name="seleniumTestSamples.AutomatePurple" time="32.718" errors="0" timestamp="2022-06-02T20:04:21 IST" skipped="0">
  <testcase classname="seleniumTestSamples.AutomatePurple" name="getDrive" time="3.943"/>
  <system-out/>
  <testcase classname="seleniumTestSamples.AutomatePurple" name="getWebsite" time="3.298"/>
  <system-out/>
  <testcase classname="seleniumTestSamples.AutomatePurple" name="getBrand" time="3.226"/>
  <system-out/>
  <testcase classname="seleniumTestSamples.AutomatePurple" name="addToCart" time="6.818"/>
  <system-out/>
  <testcase classname="seleniumTestSamples.AutomatePurple" name="takeScreenShot" time="15.433"/>
  <system-out/>
</testsuite> <!-- seleniumTestSamples.AutomatePurple -->
