<?xml version="1.0" encoding="UTF-8"?>
<!-- Generated by org.testng.reporters.JUnitReportReporter -->
<testsuite hostname="ATMECSINLT-1202" failures="0" tests="5" name="seleniumTestSamples.AmazonUsingTestng" time="28.122" errors="0" timestamp="2022-06-02T19:03:06 IST" skipped="0">
  <testcase classname="seleniumTestSamples.AmazonUsingTestng" name="getDriver" time="3.604"/>
  <system-out/>
  <testcase classname="seleniumTestSamples.AmazonUsingTestng" name="getWebsite" time="4.104"/>
  <system-out/>
  <testcase classname="seleniumTestSamples.AmazonUsingTestng" name="SearchProduct" time="3.270"/>
  <system-out/>
  <testcase classname="seleniumTestSamples.AmazonUsingTestng" name="searchBrandAndDisplay" time="0.952"/>
  <system-out/>
  <testcase classname="seleniumTestSamples.AmazonUsingTestng" name="compareForBrandAvailability" time="16.192"/>
  <system-out/>
</testsuite> <!-- seleniumTestSamples.AmazonUsingTestng -->
