<?xml version="1.0" encoding="UTF-8"?>
<!-- Generated by org.testng.reporters.JUnitReportReporter -->
<testsuite hostname="ATMECSINLT-1202" failures="0" tests="10" name="seleniumTestSamples.AddToCartUsingTables" time="18.449" errors="0" timestamp="2022-06-06T17:17:17 IST" skipped="0">
  <testcase classname="seleniumTestSamples.AddToCartUsingTables" name="getWebsite" time="13.749"/>
  <system-out/>
  <testcase classname="seleniumTestSamples.AddToCartUsingTables" name="scrollWebsite" time="0.117"/>
  <system-out/>
  <testcase classname="seleniumTestSamples.AddToCartUsingTables" name="showHeaders" time="0.465"/>
  <system-out/>
  <testcase classname="seleniumTestSamples.AddToCartUsingTables" name="listElementsInList" time="3.287"/>
  <system-out/>
  <testcase classname="seleniumTestSamples.AddToCartUsingTables" name="showBurjKalifaDetails" time="0.157"/>
  <system-out/>
  <testcase classname="seleniumTestSamples.AddToCartUsingTables" name="showClockTowerHotelDetails" time="0.140"/>
  <system-out/>
  <testcase classname="seleniumTestSamples.AddToCartUsingTables" name="showTaipei101Dteails" time="0.151"/>
  <system-out/>
  <testcase classname="seleniumTestSamples.AddToCartUsingTables" name="showFinancialCenterDetails" time="0.132"/>
  <system-out/>
  <testcase classname="seleniumTestSamples.AddToCartUsingTables" name="heightOfBurjKalifa" time="0.213"/>
  <system-out/>
  <testcase classname="seleniumTestSamples.AddToCartUsingTables" name="VerifyColumnValue" time="0.038"/>
  <system-out/>
</testsuite> <!-- seleniumTestSamples.AddToCartUsingTables -->
