<?xml version="1.0" encoding="UTF-8"?>
<!-- Generated by org.testng.reporters.JUnitReportReporter -->
<testsuite hostname="ATMECSINLT-1202" failures="0" tests="3" name="seleniumSample.DependencyManagnment" time="0.008" errors="0" timestamp="2022-05-29T02:03:21 IST" skipped="0">
  <testcase classname="seleniumSample.DependencyManagnment" name="testThree" time="0.001"/>
  <system-out/>
  <testcase classname="seleniumSample.DependencyManagnment" name="testTwo" time="0.001"/>
  <system-out/>
  <testcase classname="seleniumSample.DependencyManagnment" name="testOne" time="0.006"/>
  <system-out/>
</testsuite> <!-- seleniumSample.DependencyManagnment -->
