<?xml version="1.0" encoding="UTF-8"?>
<!-- Generated by org.testng.reporters.JUnitReportReporter -->
<testsuite hostname="ATMECSINLT-1202" failures="0" tests="1" name="seleniumSample.SampleTask" time="37.244" errors="0" timestamp="2022-05-28T02:16:49 IST" skipped="0">
  <testcase classname="seleniumSample.SampleTask" name="roboFormInput" time="37.244"/>
  <system-out/>
</testsuite> <!-- seleniumSample.SampleTask -->
