<?xml version="1.0" encoding="UTF-8"?>
<!-- Generated by org.testng.reporters.JUnitReportReporter -->
<testsuite hostname="ATMECSINLT-1202" failures="0" tests="5" name="seleniumTestSamples.AutomateAmazonWebsite" time="29.812" errors="0" timestamp="2022-06-01T12:17:04 IST" skipped="0">
  <testcase classname="seleniumTestSamples.AutomateAmazonWebsite" name="getDriver" time="5.413"/>
  <system-out/>
  <testcase classname="seleniumTestSamples.AutomateAmazonWebsite" name="getWebsite" time="11.804"/>
  <system-out/>
  <testcase classname="seleniumTestSamples.AutomateAmazonWebsite" name="getName" time="0.138"/>
  <system-out/>
  <testcase classname="seleniumTestSamples.AutomateAmazonWebsite" name="addProduct" time="11.759"/>
  <system-out/>
  <testcase classname="seleniumTestSamples.AutomateAmazonWebsite" name="screenShot" time="0.698"/>
  <system-out/>
</testsuite> <!-- seleniumTestSamples.AutomateAmazonWebsite -->
