<?xml version="1.0" encoding="UTF-8"?>
<!-- Generated by org.testng.reporters.JUnitReportReporter -->
<testsuite hostname="ATMECSINLT-1202" failures="0" tests="1" name="seleniumTestSamples.SamplePriority" time="0.008" errors="0" timestamp="2022-05-29T13:34:32 IST" skipped="0">
  <testcase classname="seleniumTestSamples.SamplePriority" name="priority" time="0.008"/>
  <system-out/>
</testsuite> <!-- seleniumTestSamples.SamplePriority -->
