<?xml version="1.0" encoding="UTF-8"?>
<!-- Generated by org.testng.reporters.JUnitReportReporter -->
<testsuite hostname="ATMECSINLT-1202" failures="0" tests="3" name="seleniumTestSamples.OpenYouTubeAndPriorityCheck" time="12.473" errors="0" timestamp="2022-05-29T15:31:22 IST" skipped="0">
  <testcase classname="seleniumTestSamples.OpenYouTubeAndPriorityCheck" name="getDrive" time="5.516"/>
  <system-out/>
  <testcase classname="seleniumTestSamples.OpenYouTubeAndPriorityCheck" name="getWebsite" time="2.398"/>
  <system-out/>
  <testcase classname="seleniumTestSamples.OpenYouTubeAndPriorityCheck" name="typeSong" time="4.559"/>
  <system-out/>
</testsuite> <!-- seleniumTestSamples.OpenYouTubeAndPriorityCheck -->
